2025-11-13 21:49:00 | WARN | repo=course-sys-int-systems | action=commit
2025-04-26 11:41:00 | DEBUG | repo=course-sys-int-systems | action=commit
2025-06-06 21:41:00 | INFO | repo=course-sys-int-systems | action=test | passed=true
2025-03-08 08:16:00 | INFO | repo=course-sys-int-systems | action=test | passed=true
2025-07-16 18:51:00 | WARN | repo=course-sys-int-systems | action=commit
2025-11-05 13:44:00 | INFO | repo=course-sys-int-systems | action=pull
2025-10-23 12:14:00 | DEBUG | repo=course-sys-int-systems | action=test | passed=true
2025-06-10 21:39:00 | WARN | repo=course-sys-int-systems | action=pull
2025-05-08 13:32:00 | DEBUG | repo=course-sys-int-systems | action=commit
2025-02-06 08:04:00 | WARN | repo=course-sys-int-systems | action=edit | files=1
2025-09-11 15:59:00 | WARN | repo=course-sys-int-systems | action=commit
2025-03-20 20:48:00 | WARN | repo=course-sys-int-systems | action=test | passed=true
2025-05-25 14:35:00 | DEBUG | repo=course-sys-int-systems | action=commit
2025-02-21 19:10:00 | DEBUG | repo=course-sys-int-systems | action=commit
2025-08-19 07:42:00 | DEBUG | repo=course-sys-int-systems | action=edit | files=1
2025-05-20 15:56:00 | WARN | repo=course-sys-int-systems | action=commit
2025-07-25 19:39:00 | WARN | repo=course-sys-int-systems | action=pull
2025-02-18 07:27:00 | INFO | repo=course-sys-int-systems | action=test | passed=true
2025-11-09 12:34:00 | DEBUG | repo=course-sys-int-systems | action=commit
2025-07-17 18:26:00 | WARN | repo=course-sys-int-systems | action=edit | files=3
2025-11-06 10:13:00 | WARN | repo=course-sys-int-systems | action=commit
2025-02-13 15:09:00 | INFO | repo=course-sys-int-systems | action=commit
2025-01-02 07:46:00 | WARN | repo=course-sys-int-systems | action=edit | files=3
2025-06-14 18:57:00 | INFO | repo=course-sys-int-systems | action=commit
2025-02-11 18:42:00 | DEBUG | repo=course-sys-int-systems | action=commit
2025-03-15 21:55:00 | WARN | repo=course-sys-int-systems | action=commit
2025-01-22 11:25:00 | DEBUG | repo=course-sys-int-systems | action=commit
2025-06-08 20:49:00 | WARN | repo=course-sys-int-systems | action=commit
2025-10-01 16:47:00 | WARN | repo=course-sys-int-systems | action=commit
2025-09-07 07:51:00 | DEBUG | repo=course-sys-int-systems | action=commit
2025-03-23 07:55:00 | DEBUG | repo=course-sys-int-systems | action=pull
2025-05-10 21:42:00 | DEBUG | repo=course-sys-int-systems | action=edit | files=1
2025-01-08 11:38:00 | INFO | repo=course-sys-int-systems | action=commit
2025-02-06 18:47:00 | DEBUG | repo=course-sys-int-systems | action=commit
2025-06-23 08:16:00 | INFO | repo=course-sys-int-systems | action=test | passed=true
2025-06-16 09:36:00 | INFO | repo=course-sys-int-systems | action=commit
2025-07-05 13:57:00 | INFO | repo=course-sys-int-systems | action=commit
2025-02-11 08:12:00 | DEBUG | repo=course-sys-int-systems | action=commit
2025-02-11 13:10:00 | WARN | repo=course-sys-int-systems | action=commit
2025-04-26 12:16:00 | WARN | repo=course-sys-int-systems | action=commit
2025-02-12 07:29:00 | INFO | repo=course-sys-int-systems | action=pull
2025-02-20 17:17:00 | WARN | repo=course-sys-int-systems | action=edit | files=2
2025-09-03 07:55:00 | DEBUG | repo=course-sys-int-systems | action=commit
2025-07-04 07:54:00 | INFO | repo=course-sys-int-systems | action=edit | files=4
2025-01-15 14:12:00 | WARN | repo=course-sys-int-systems | action=commit
